0 info it worked if it ends with ok
1 verbose cli [ '/usr/local/bin/node',
1 verbose cli   '/usr/local/bin/npm',
1 verbose cli   'run',
1 verbose cli   'build:prod' ]
2 info using npm@5.5.1
3 info using node@v9.0.0
4 verbose config Skipping project config: /usr/src/app/.npmrc. (matches userconfig)
5 verbose run-script [ 'prebuild:prod', 'build:prod', 'postbuild:prod' ]
6 info lifecycle react-starter-2-app@0.1.0~prebuild:prod: react-starter-2-app@0.1.0
7 verbose lifecycle react-starter-2-app@0.1.0~prebuild:prod: unsafe-perm in lifecycle true
8 verbose lifecycle react-starter-2-app@0.1.0~prebuild:prod: PATH: /usr/local/lib/node_modules/npm/bin/node-gyp-bin:/usr/src/app/node_modules/.bin:/usr/local/sbin:/usr/local/bin:/usr/sbin:/usr/bin:/sbin:/bin
9 verbose lifecycle react-starter-2-app@0.1.0~prebuild:prod: CWD: /usr/src/app
10 silly lifecycle react-starter-2-app@0.1.0~prebuild:prod: Args: [ '-c', 'npm run clean-www' ]
11 silly lifecycle react-starter-2-app@0.1.0~prebuild:prod: Returned: code: 0  signal: null
12 info lifecycle react-starter-2-app@0.1.0~build:prod: react-starter-2-app@0.1.0
13 verbose lifecycle react-starter-2-app@0.1.0~build:prod: unsafe-perm in lifecycle true
14 verbose lifecycle react-starter-2-app@0.1.0~build:prod: PATH: /usr/local/lib/node_modules/npm/bin/node-gyp-bin:/usr/src/app/node_modules/.bin:/usr/local/sbin:/usr/local/bin:/usr/sbin:/usr/bin:/sbin:/bin
15 verbose lifecycle react-starter-2-app@0.1.0~build:prod: CWD: /usr/src/app
16 silly lifecycle react-starter-2-app@0.1.0~build:prod: Args: [ '-c', 'webpack --env.prod -p' ]
17 silly lifecycle react-starter-2-app@0.1.0~build:prod: Returned: code: 2  signal: null
18 info lifecycle react-starter-2-app@0.1.0~build:prod: Failed to exec build:prod script
19 verbose stack Error: react-starter-2-app@0.1.0 build:prod: `webpack --env.prod -p`
19 verbose stack Exit status 2
19 verbose stack     at EventEmitter.<anonymous> (/usr/local/lib/node_modules/npm/node_modules/npm-lifecycle/index.js:280:16)
19 verbose stack     at emitTwo (events.js:135:13)
19 verbose stack     at EventEmitter.emit (events.js:224:7)
19 verbose stack     at ChildProcess.<anonymous> (/usr/local/lib/node_modules/npm/node_modules/npm-lifecycle/lib/spawn.js:55:14)
19 verbose stack     at emitTwo (events.js:135:13)
19 verbose stack     at ChildProcess.emit (events.js:224:7)
19 verbose stack     at maybeClose (internal/child_process.js:943:16)
19 verbose stack     at Process.ChildProcess._handle.onexit (internal/child_process.js:220:5)
20 verbose pkgid react-starter-2-app@0.1.0
21 verbose cwd /usr/src/app
22 verbose Linux 4.9.60-linuxkit-aufs
23 verbose argv "/usr/local/bin/node" "/usr/local/bin/npm" "run" "build:prod"
24 verbose node v9.0.0
25 verbose npm  v5.5.1
26 error code ELIFECYCLE
27 error errno 2
28 error react-starter-2-app@0.1.0 build:prod: `webpack --env.prod -p`
28 error Exit status 2
29 error Failed at the react-starter-2-app@0.1.0 build:prod script.
29 error This is probably not a problem with npm. There is likely additional logging output above.
30 verbose exit [ 2, true ]
